<?xml version="1.0" encoding="UTF-8"?>
<testsuite xmlns:xsi="http://www.w3.org/2001/XMLSchema-instance" xsi:noNamespaceSchemaLocation="https://maven.apache.org/surefire/maven-surefire-plugin/xsd/surefire-test-report.xsd" name="org.jnavarro.junit5app.ejemplos.models.CuentaTest" time="10.512" tests="68" errors="1" skipped="7" failures="3">
  <properties>
[...]
</properties>
  <testcase name="testProcesadores" classname="org.jnavarro.junit5app.ejemplos.models.CuentaTest" time="0.038"/>
  <testcase name="testSaldoDev" classname="org.jnavarro.junit5app.ejemplos.models.CuentaTest" time="0">
    <skipped message="Assumption failed: assumption is not true" type="org.opentest4j.TestAbortedException">org.opentest4j.TestAbortedException: Assumption failed: assumption is not true
	at org.jnavarro.junit5app.ejemplos.models.CuentaTest.testSaldoDev(CuentaTest.java:275)
</skipped>
    <system-out><![CDATA[Iniciando el metodo.
Finalizando el metodo test.
]]></system-out>
  </testcase>
  <testcase name="testDev" classname="org.jnavarro.junit5app.ejemplos.models.CuentaTest" time="0">
    <skipped message="System property [ENV] does not exist"/>
  </testcase>
  <testcase name="testRelacionesBancoCuentas" classname="org.jnavarro.junit5app.ejemplos.models.CuentaTest" time="0.017"/>
  <testcase name="testDineroInsuficienteExceptionCuenta" classname="org.jnavarro.junit5app.ejemplos.models.CuentaTest" time="0.002"/>
  <testcase name="testTransferirDineroCuentas" classname="org.jnavarro.junit5app.ejemplos.models.CuentaTest" time="0.001"/>
  <testcase name="testJavaHome" classname="org.jnavarro.junit5app.ejemplos.models.CuentaTest" time="0"/>
  <testcase name="testSaldoDev2" classname="org.jnavarro.junit5app.ejemplos.models.CuentaTest" time="0.002"/>
  <testcase name="testDebitoCuentaMethodSource{String}[1]" classname="org.jnavarro.junit5app.ejemplos.models.CuentaTest" time="0.024"/>
  <testcase name="testDebitoCuentaMethodSource{String}[2]" classname="org.jnavarro.junit5app.ejemplos.models.CuentaTest" time="0.001"/>
  <testcase name="testDebitoCuentaMethodSource{String}[3]" classname="org.jnavarro.junit5app.ejemplos.models.CuentaTest" time="0.001"/>
  <testcase name="testDebitoCuentaMethodSource{String}[4]" classname="org.jnavarro.junit5app.ejemplos.models.CuentaTest" time="0.003"/>
  <testcase name="testDebitoCuentaMethodSource{String}[5]" classname="org.jnavarro.junit5app.ejemplos.models.CuentaTest" time="0.001"/>
  <testcase name="testDebitoCuentaMethodSource{String}[6]" classname="org.jnavarro.junit5app.ejemplos.models.CuentaTest" time="0.002"/>
  <testcase name="testDebitoCuentaRepetir{RepetitionInfo}[1]" classname="org.jnavarro.junit5app.ejemplos.models.CuentaTest" time="0.004"/>
  <testcase name="testDebitoCuentaRepetir{RepetitionInfo}[2]" classname="org.jnavarro.junit5app.ejemplos.models.CuentaTest" time="0.004"/>
  <testcase name="testDebitoCuentaRepetir{RepetitionInfo}[3]" classname="org.jnavarro.junit5app.ejemplos.models.CuentaTest" time="0.007"/>
  <testcase name="imprimirVariablesAmbiente" classname="org.jnavarro.junit5app.ejemplos.models.CuentaTest" time="0.019"/>
  <testcase name="testTimeOut" classname="org.jnavarro.junit5app.ejemplos.models.CuentaTest$EjemploTimeOut" time="5.014">
    <error message="testTimeOut() timed out after 5 seconds" type="java.util.concurrent.TimeoutException">java.util.concurrent.TimeoutException: testTimeOut() timed out after 5 seconds
</error>
    <system-out><![CDATA[Iniciando el metodo.
Finalizando el metodo test.
]]></system-out>
  </testcase>
  <testcase name="testTimeOut2" classname="org.jnavarro.junit5app.ejemplos.models.CuentaTest$EjemploTimeOut" time="0.917"/>
  <testcase name="testTimeOutAssertions" classname="org.jnavarro.junit5app.ejemplos.models.CuentaTest$EjemploTimeOut" time="4.019"/>
  <testcase name="testDebitoCuentaCsvSource2{String, String}[1]" classname="org.jnavarro.junit5app.ejemplos.models.CuentaTest$PruebasParametrizadas" time="0.002"/>
  <testcase name="testDebitoCuentaCsvSource2{String, String}[2]" classname="org.jnavarro.junit5app.ejemplos.models.CuentaTest$PruebasParametrizadas" time="0.004"/>
  <testcase name="testDebitoCuentaCsvSource2{String, String}[3]" classname="org.jnavarro.junit5app.ejemplos.models.CuentaTest$PruebasParametrizadas" time="0.001"/>
  <testcase name="testDebitoCuentaCsvSource2{String, String}[4]" classname="org.jnavarro.junit5app.ejemplos.models.CuentaTest$PruebasParametrizadas" time="0.001"/>
  <testcase name="testDebitoCuentaCsvSource2{String, String}[5]" classname="org.jnavarro.junit5app.ejemplos.models.CuentaTest$PruebasParametrizadas" time="0"/>
  <testcase name="testDebitoCuentaCsvSource2{String, String}[6]" classname="org.jnavarro.junit5app.ejemplos.models.CuentaTest$PruebasParametrizadas" time="0.007">
    <failure message="expected: &lt;true&gt; but was: &lt;false&gt;" type="org.opentest4j.AssertionFailedError"><![CDATA[org.opentest4j.AssertionFailedError: expected: <true> but was: <false>
	at org.jnavarro.junit5app.ejemplos.models.CuentaTest$PruebasParametrizadas.testDebitoCuentaCsvSource2(CuentaTest.java:337)
]]></failure>
    <system-out><![CDATA[Iniciando el metodo.
1000.12345 -> 1000.12345
Finalizando el metodo test.
]]></system-out>
  </testcase>
  <testcase name="testDebitoCuentaCsvSource{String, String}[1]" classname="org.jnavarro.junit5app.ejemplos.models.CuentaTest$PruebasParametrizadas" time="0.001"/>
  <testcase name="testDebitoCuentaCsvSource{String, String}[2]" classname="org.jnavarro.junit5app.ejemplos.models.CuentaTest$PruebasParametrizadas" time="0.002"/>
  <testcase name="testDebitoCuentaCsvSource{String, String}[3]" classname="org.jnavarro.junit5app.ejemplos.models.CuentaTest$PruebasParametrizadas" time="0.003"/>
  <testcase name="testDebitoCuentaCsvSource{String, String}[4]" classname="org.jnavarro.junit5app.ejemplos.models.CuentaTest$PruebasParametrizadas" time="0.002"/>
  <testcase name="testDebitoCuentaCsvSource{String, String}[5]" classname="org.jnavarro.junit5app.ejemplos.models.CuentaTest$PruebasParametrizadas" time="0.008"/>
  <testcase name="testDebitoCuentaCsvSource{String, String}[6]" classname="org.jnavarro.junit5app.ejemplos.models.CuentaTest$PruebasParametrizadas" time="0.001"/>
  <testcase name="testDebitoCuentaCsvFileSource{String}[1]" classname="org.jnavarro.junit5app.ejemplos.models.CuentaTest$PruebasParametrizadas" time="0.001"/>
  <testcase name="testDebitoCuentaCsvFileSource{String}[2]" classname="org.jnavarro.junit5app.ejemplos.models.CuentaTest$PruebasParametrizadas" time="0.003"/>
  <testcase name="testDebitoCuentaCsvFileSource{String}[3]" classname="org.jnavarro.junit5app.ejemplos.models.CuentaTest$PruebasParametrizadas" time="0.005"/>
  <testcase name="testDebitoCuentaCsvFileSource{String}[4]" classname="org.jnavarro.junit5app.ejemplos.models.CuentaTest$PruebasParametrizadas" time="0.004"/>
  <testcase name="testDebitoCuentaCsvFileSource{String}[5]" classname="org.jnavarro.junit5app.ejemplos.models.CuentaTest$PruebasParametrizadas" time="0.001"/>
  <testcase name="testDebitoCuentaCsvFileSource{String}[6]" classname="org.jnavarro.junit5app.ejemplos.models.CuentaTest$PruebasParametrizadas" time="0.001"/>
  <testcase name="testDebitoCuentaCsvFileSource{String}[7]" classname="org.jnavarro.junit5app.ejemplos.models.CuentaTest$PruebasParametrizadas" time="0.004">
    <failure message="expected: &lt;true&gt; but was: &lt;false&gt;" type="org.opentest4j.AssertionFailedError"><![CDATA[org.opentest4j.AssertionFailedError: expected: <true> but was: <false>
	at org.jnavarro.junit5app.ejemplos.models.CuentaTest$PruebasParametrizadas.testDebitoCuentaCsvFileSource(CuentaTest.java:346)
]]></failure>
    <system-out><![CDATA[Iniciando el metodo.
Finalizando el metodo test.
]]></system-out>
  </testcase>
  <testcase name="testDebitoCuenta{String}[1]" classname="org.jnavarro.junit5app.ejemplos.models.CuentaTest$PruebasParametrizadas" time="0.001"/>
  <testcase name="testDebitoCuenta{String}[2]" classname="org.jnavarro.junit5app.ejemplos.models.CuentaTest$PruebasParametrizadas" time="0.003"/>
  <testcase name="testDebitoCuenta{String}[3]" classname="org.jnavarro.junit5app.ejemplos.models.CuentaTest$PruebasParametrizadas" time="0.003"/>
  <testcase name="testDebitoCuenta{String}[4]" classname="org.jnavarro.junit5app.ejemplos.models.CuentaTest$PruebasParametrizadas" time="0.002"/>
  <testcase name="testDebitoCuenta{String}[5]" classname="org.jnavarro.junit5app.ejemplos.models.CuentaTest$PruebasParametrizadas" time="0.003"/>
  <testcase name="testDebitoCuenta{String}[6]" classname="org.jnavarro.junit5app.ejemplos.models.CuentaTest$PruebasParametrizadas" time="0.001"/>
  <testcase name="testDebitoCuentaCsvFileSource2{String}[1]" classname="org.jnavarro.junit5app.ejemplos.models.CuentaTest$PruebasParametrizadas" time="0.004"/>
  <testcase name="testDebitoCuentaCsvFileSource2{String}[2]" classname="org.jnavarro.junit5app.ejemplos.models.CuentaTest$PruebasParametrizadas" time="0.001"/>
  <testcase name="testDebitoCuentaCsvFileSource2{String}[3]" classname="org.jnavarro.junit5app.ejemplos.models.CuentaTest$PruebasParametrizadas" time="0.001"/>
  <testcase name="testDebitoCuentaCsvFileSource2{String}[4]" classname="org.jnavarro.junit5app.ejemplos.models.CuentaTest$PruebasParametrizadas" time="0"/>
  <testcase name="testDebitoCuentaCsvFileSource2{String}[5]" classname="org.jnavarro.junit5app.ejemplos.models.CuentaTest$PruebasParametrizadas" time="0.006"/>
  <testcase name="testDebitoCuentaCsvFileSource2{String}[6]" classname="org.jnavarro.junit5app.ejemplos.models.CuentaTest$PruebasParametrizadas" time="0.003"/>
  <testcase name="testDebitoCuentaCsvFileSource2{String}[7]" classname="org.jnavarro.junit5app.ejemplos.models.CuentaTest$PruebasParametrizadas" time="0.003">
    <failure message="expected: &lt;true&gt; but was: &lt;false&gt;" type="org.opentest4j.AssertionFailedError"><![CDATA[org.opentest4j.AssertionFailedError: expected: <true> but was: <false>
	at org.jnavarro.junit5app.ejemplos.models.CuentaTest$PruebasParametrizadas.testDebitoCuentaCsvFileSource2(CuentaTest.java:355)
]]></failure>
    <system-out><![CDATA[Iniciando el metodo.
Finalizando el metodo test.
]]></system-out>
  </testcase>
  <testcase name="testN064" classname="org.jnavarro.junit5app.ejemplos.models.CuentaTest$SistemPropertiesTest" time="0">
    <skipped message="System property [os.arcg] does not exist"/>
  </testcase>
  <testcase name="testUsername" classname="org.jnavarro.junit5app.ejemplos.models.CuentaTest$SistemPropertiesTest" time="0.002"/>
  <testcase name="testJavaVersion" classname="org.jnavarro.junit5app.ejemplos.models.CuentaTest$SistemPropertiesTest" time="0">
    <skipped message="System property [java.version] with value [14.0.1] does not match regular expression [13.1.1]"/>
  </testcase>
  <testcase name="testImprimirSystemProperties" classname="org.jnavarro.junit5app.ejemplos.models.CuentaTest$SistemPropertiesTest" time="0.015"/>
  <testcase name="metodoDisabledJava8" classname="org.jnavarro.junit5app.ejemplos.models.CuentaTest$JavaVersionTest" time="0.002"/>
  <testcase name="metodoDisabledJava14" classname="org.jnavarro.junit5app.ejemplos.models.CuentaTest$JavaVersionTest" time="0.001"/>
  <testcase name="metodoDisabledWindows" classname="org.jnavarro.junit5app.ejemplos.models.CuentaTest$SistemaOperativoTest" time="0">
    <skipped message="Disabled on operating system: Windows 10"/>
  </testcase>
  <testcase name="metodoEnableMac" classname="org.jnavarro.junit5app.ejemplos.models.CuentaTest$SistemaOperativoTest" time="0">
    <skipped message="Disabled on operating system: Windows 10"/>
  </testcase>
  <testcase name="metodoDisabledMac" classname="org.jnavarro.junit5app.ejemplos.models.CuentaTest$SistemaOperativoTest" time="0.001"/>
  <testcase name="metodoEnableWindows" classname="org.jnavarro.junit5app.ejemplos.models.CuentaTest$SistemaOperativoTest" time="0.001"/>
  <testcase name="testCreditoCuenta" classname="org.jnavarro.junit5app.ejemplos.models.CuentaTest$CuentaOperacionesTest" time="0.002"/>
  <testcase name="testDebitoCuenta" classname="org.jnavarro.junit5app.ejemplos.models.CuentaTest$CuentaOperacionesTest" time="0.002"/>
  <testcase name="referenciaCuenta" classname="org.jnavarro.junit5app.ejemplos.models.CuentaTest$CuentaTestNombreSaldo" time="0.003"/>
  <testcase name="testSaldo" classname="org.jnavarro.junit5app.ejemplos.models.CuentaTest$CuentaTestNombreSaldo" time="0.001"/>
  <testcase name="testNombreCuenta" classname="org.jnavarro.junit5app.ejemplos.models.CuentaTest$CuentaTestNombreSaldo" time="0">
    <skipped message="void org.jnavarro.junit5app.ejemplos.models.CuentaTest$CuentaTestNombreSaldo.testNombreCuenta() is @Disabled"/>
  </testcase>
</testsuite>